<?xml version="1.0" encoding="UTF-8"?>
<!-- Generated by org.testng.reporters.JUnitReportReporter -->
<testsuite hostname="DESKTOP-2EH0KTT" failures="0" tests="1" name="testLayer.Test_LoginPage" time="0.575" errors="0" timestamp="2023-02-05T20:32:31 IST" skipped="0">
  <testcase classname="testLayer.Test_LoginPage" name="login_cogmento" time="0.575"/>
  <system-out/>
</testsuite> <!-- testLayer.Test_LoginPage -->
