<?xml version="1.0" encoding="UTF-8"?>
<!-- Generated by org.testng.reporters.JUnitReportReporter -->
<testsuite hostname="DESKTOP-2EH0KTT" failures="0" tests="2" name="testLayer.Test_LoginPage" time="0.973" errors="0" timestamp="2023-02-06T21:41:31 IST" skipped="0">
  <testcase classname="testLayer.Test_LoginPage" name="CaptureTitle" time="0.174"/>
  <system-out/>
  <testcase classname="testLayer.Test_LoginPage" name="login_cogmento" time="0.799"/>
  <system-out/>
</testsuite> <!-- testLayer.Test_LoginPage -->
